<?xml version="1.0" encoding="UTF-8"?>
<!-- Generated by org.testng.reporters.JUnitXMLReporter -->
<testsuite hostname="mtonet1" ignored="0" name="Test" tests="1" failures="1" timestamp="15 Sep 2017 09:50:03 GMT" time="14.138" errors="0">
  <testcase name="functionOne" time="14.049" classname="PackageOne.classOne">
    <failure type="org.openqa.selenium.InvalidArgumentException" message="Malformed URL: www.google.com is not a valid URL.
Build info: version: &amp;apos;unknown&amp;apos;, revision: &amp;apos;unknown&amp;apos;, time: &amp;apos;unknown&amp;apos;
System info: host: &amp;apos;MTONET1&amp;apos;, ip: &amp;apos;192.168.6.115&amp;apos;, os.name: &amp;apos;Windows 8.1&amp;apos;, os.arch: &amp;apos;amd64&amp;apos;, os.version: &amp;apos;6.3&amp;apos;, java.version: &amp;apos;1.8.0_144&amp;apos;
Driver info: org.openqa.selenium.firefox.FirefoxDriver
Capabilities [{moz:profile=C:\Users\rresmi\AppData\Local\Temp\rust_mozprofile.z9moPBDmDtdq, rotatable=false, timeouts={implicit=0, pageLoad=300000, script=30000}, pageLoadStrategy=normal, platform=XP, specificationLevel=0, moz:accessibilityChecks=false, acceptInsecureCerts=false, browserVersion=55.0.3, platformVersion=6.3, moz:processID=8992, browserName=firefox, javascriptEnabled=true, platformName=XP}]
Session ID: 5f2a45b6-603e-40c5-99fd-d73378b3753c">
      <![CDATA[org.openqa.selenium.InvalidArgumentException: Malformed URL: www.google.com is not a valid URL.
Build info: version: 'unknown', revision: 'unknown', time: 'unknown'
System info: host: 'MTONET1', ip: '192.168.6.115', os.name: 'Windows 8.1', os.arch: 'amd64', os.version: '6.3', java.version: '1.8.0_144'
Driver info: org.openqa.selenium.firefox.FirefoxDriver
Capabilities [{moz:profile=C:\Users\rresmi\AppData\Local\Temp\rust_mozprofile.z9moPBDmDtdq, rotatable=false, timeouts={implicit=0, pageLoad=300000, script=30000}, pageLoadStrategy=normal, platform=XP, specificationLevel=0, moz:accessibilityChecks=false, acceptInsecureCerts=false, browserVersion=55.0.3, platformVersion=6.3, moz:processID=8992, browserName=firefox, javascriptEnabled=true, platformName=XP}]
Session ID: 5f2a45b6-603e-40c5-99fd-d73378b3753c
	at org.openqa.selenium.remote.http.W3CHttpResponseCodec.createException(W3CHttpResponseCodec.java:185)
	at org.openqa.selenium.remote.http.W3CHttpResponseCodec.decode(W3CHttpResponseCodec.java:120)
	at org.openqa.selenium.remote.http.W3CHttpResponseCodec.decode(W3CHttpResponseCodec.java:49)
	at org.openqa.selenium.remote.HttpCommandExecutor.execute(HttpCommandExecutor.java:164)
	at org.openqa.selenium.remote.service.DriverCommandExecutor.execute(DriverCommandExecutor.java:82)
	at org.openqa.selenium.remote.RemoteWebDriver.execute(RemoteWebDriver.java:646)
	at org.openqa.selenium.remote.RemoteWebDriver.get(RemoteWebDriver.java:370)
	at org.openqa.selenium.remote.RemoteWebDriver$RemoteNavigation.to(RemoteWebDriver.java:954)
	at PackageOne.classOne.functionOne(classOne.java:19)
... Removed 29 stack frames]]>
    </failure>
  </testcase> <!-- functionOne -->
</testsuite> <!-- Test -->
